Der Buildvorgang wurde am 27.06.2011 10:19:04 gestartet.
     1>Projekt "C:\Users\marinos\Masterarbeit\OscCalibrator\juce\Builds\VisualStudio2010\Juce.vcxproj" auf Knoten "2", build Ziel(e).
     1>InitializeBuildStatus:
         ".\..\..\bin\Juce.unsuccessfulbuild" wird erstellt, da "AlwaysCreate" angegeben wurde.
       MakeDirsForCl:
         Das Verzeichnis "C:\Users\marinos\Masterarbeit\OscCalibrator\juce\Builds\VisualStudio2010\.\Release" wird erstellt.
       ClCompile:
         c:\Program Files (x86)\Microsoft Visual Studio 10.0\VC\bin\CL.exe /c /Zi /nologo /W4 /WX- /O2 /Oy- /GL /D WIN32 /D _WINDOWS /D NDEBUG /D _LIB /D JUCER_VS2010_78A501D=1 /D _MBCS /Gm- /EHsc /MT /GS /fp:precise /Zc:wchar_t /Zc:forScope /GR /Fo".\Release\\" /Fd".\Release\vc100.pdb" /Gd /TP /analyze- /errorReport:prompt ..\..\src\application\juce_Application.cpp ..\..\src\application\juce_ApplicationCommandInfo.cpp ..\..\src\application\juce_ApplicationCommandManager.cpp ..\..\src\application\juce_ApplicationCommandTarget.cpp ..\..\src\application\juce_ApplicationProperties.cpp ..\..\src\audio\audio_file_formats\juce_AiffAudioFormat.cpp ..\..\src\audio\audio_file_formats\juce_AudioCDReader.cpp ..\..\src\audio\audio_file_formats\juce_AudioFormat.cpp ..\..\src\audio\audio_file_formats\juce_AudioFormatManager.cpp ..\..\src\audio\audio_file_formats\juce_AudioFormatReader.cpp ..\..\src\audio\audio_file_formats\juce_AudioFormatWriter.cpp ..\..\src\audio\audio_file_formats\juce_AudioSubsectionReader.cpp ..\..\src\audio\audio_file_formats\juce_AudioThumbnail.cpp ..\..\src\audio\audio_file_formats\juce_AudioThumbnailCache.cpp ..\..\src\audio\audio_file_formats\juce_FlacAudioFormat.cpp ..\..\src\audio\audio_file_formats\juce_OggVorbisAudioFormat.cpp ..\..\src\audio\audio_file_formats\juce_QuickTimeAudioFormat.cpp ..\..\src\audio\audio_file_formats\juce_WavAudioFormat.cpp ..\..\src\audio\audio_sources\juce_AudioFormatReaderSource.cpp ..\..\src\audio\audio_sources\juce_AudioSourcePlayer.cpp ..\..\src\audio\audio_sources\juce_AudioTransportSource.cpp ..\..\src\audio\audio_sources\juce_BufferingAudioSource.cpp ..\..\src\audio\audio_sources\juce_ChannelRemappingAudioSource.cpp ..\..\src\audio\audio_sources\juce_IIRFilterAudioSource.cpp ..\..\src\audio\audio_sources\juce_MixerAudioSource.cpp ..\..\src\audio\audio_sources\juce_ResamplingAudioSource.cpp ..\..\src\audio\audio_sources\juce_ToneGeneratorAudioSource.cpp ..\..\src\audio\devices\juce_AudioDeviceManager.cpp ..\..\src\audio\devices\juce_AudioIODevice.cpp ..\..\src\audio\devices\juce_AudioIODeviceType.cpp ..\..\src\audio\devices\juce_MidiOutput.cpp ..\..\src\audio\dsp\juce_AudioDataConverters.cpp ..\..\src\audio\dsp\juce_AudioSampleBuffer.cpp ..\..\src\audio\dsp\juce_IIRFilter.cpp ..\..\src\audio\midi\juce_MidiBuffer.cpp ..\..\src\audio\midi\juce_MidiFile.cpp ..\..\src\audio\midi\juce_MidiKeyboardState.cpp ..\..\src\audio\midi\juce_MidiMessage.cpp ..\..\src\audio\midi\juce_MidiMessageCollector.cpp ..\..\src\audio\midi\juce_MidiMessageSequence.cpp ..\..\src\audio\plugins\formats\juce_VSTPluginFormat.cpp ..\..\src\audio\plugins\juce_AudioPluginFormat.cpp ..\..\src\audio\plugins\juce_AudioPluginFormatManager.cpp ..\..\src\audio\plugins\juce_AudioPluginInstance.cpp ..\..\src\audio\plugins\juce_KnownPluginList.cpp ..\..\src\audio\plugins\juce_PluginDescription.cpp ..\..\src\audio\plugins\juce_PluginDirectoryScanner.cpp ..\..\src\audio\plugins\juce_PluginListComponent.cpp ..\..\src\audio\processors\juce_AudioProcessor.cpp ..\..\src\audio\processors\juce_AudioProcessorEditor.cpp ..\..\src\audio\processors\juce_AudioProcessorGraph.cpp ..\..\src\audio\processors\juce_AudioProcessorPlayer.cpp ..\..\src\audio\processors\juce_GenericAudioProcessorEditor.cpp ..\..\src\audio\synthesisers\juce_Sampler.cpp ..\..\src\audio\synthesisers\juce_Synthesiser.cpp ..\..\src\containers\juce_AbstractFifo.cpp ..\..\src\containers\juce_DynamicObject.cpp ..\..\src\containers\juce_NamedValueSet.cpp ..\..\src\containers\juce_PropertySet.cpp ..\..\src\containers\juce_Value.cpp ..\..\src\containers\juce_ValueTree.cpp ..\..\src\containers\juce_Variant.cpp ..\..\src\core\juce_FileLogger.cpp ..\..\src\core\juce_Initialisation.cpp ..\..\src\core\juce_Logger.cpp ..\..\src\core\juce_PerformanceCounter.cpp ..\..\src\core\juce_RelativeTime.cpp ..\..\src\core\juce_SystemStats.cpp ..\..\src\core\juce_Time.cpp ..\..\src\core\juce_Uuid.cpp ..\..\src\cryptography\juce_BlowFish.cpp ..\..\src\cryptography\juce_MD5.cpp ..\..\src\cryptography\juce_Primes.cpp ..\..\src\cryptography\juce_RSAKey.cpp ..\..\src\events\juce_ActionBroadcaster.cpp ..\..\src\events\juce_AsyncUpdater.cpp ..\..\src\events\juce_ChangeBroadcaster.cpp ..\..\src\events\juce_InterprocessConnection.cpp ..\..\src\events\juce_InterprocessConnectionServer.cpp ..\..\src\events\juce_Message.cpp ..\..\src\events\juce_MessageListener.cpp ..\..\src\events\juce_MessageManager.cpp ..\..\src\events\juce_MultiTimer.cpp ..\..\src\events\juce_Timer.cpp ..\..\src\gui\components\juce_Component.cpp ..\..\src\gui\components\juce_ComponentListener.cpp ..\..\src\gui\components\juce_Desktop.cpp ..\..\src\gui\components\juce_ModalComponentManager.cpp ..\..\src\gui\components\buttons\juce_ArrowButton.cpp ..\..\src\gui\components\buttons\juce_Button.cpp ..\..\src\gui\components\buttons\juce_DrawableButton.cpp ..\..\src\gui\components\buttons\juce_HyperlinkButton.cpp ..\..\src\gui\components\buttons\juce_ImageButton.cpp ..\..\src\gui\components\buttons\juce_ShapeButton.cpp ..\..\src\gui\components\buttons\juce_TextButton.cpp ..\..\src\gui\components\buttons\juce_ToggleButton.cpp ..\..\src\gui\components\buttons\juce_ToolbarButton.cpp ..\..\src\gui\components\code_editor\juce_CodeDocument.cpp ..\..\src\gui\components\code_editor\juce_CodeEditorComponent.cpp ..\..\src\gui\components\code_editor\juce_CPlusPlusCodeTokeniser.cpp ..\..\src\gui\components\controls\juce_ComboBox.cpp ..\..\src\gui\components\controls\juce_Label.cpp ..\..\src\gui\components\controls\juce_ListBox.cpp ..\..\src\gui\components\controls\juce_ProgressBar.cpp ..\..\src\gui\components\controls\juce_Slider.cpp ..\..\src\gui\components\controls\juce_TableHeaderComponent.cpp ..\..\src\gui\components\controls\juce_TableListBox.cpp ..\..\src\gui\components\controls\juce_TextEditor.cpp ..\..\src\gui\components\controls\juce_Toolbar.cpp ..\..\src\gui\components\controls\juce_ToolbarItemComponent.cpp ..\..\src\gui\components\controls\juce_ToolbarItemPalette.cpp ..\..\src\gui\components\controls\juce_TreeView.cpp ..\..\src\gui\components\filebrowser\juce_DirectoryContentsDisplayComponent.cpp ..\..\src\gui\components\filebrowser\juce_DirectoryContentsList.cpp ..\..\src\gui\components\filebrowser\juce_FileBrowserComponent.cpp ..\..\src\gui\components\filebrowser\juce_FileChooser.cpp ..\..\src\gui\components\filebrowser\juce_FileChooserDialogBox.cpp ..\..\src\gui\components\filebrowser\juce_FileFilter.cpp ..\..\src\gui\components\filebrowser\juce_FileListComponent.cpp ..\..\src\gui\components\filebrowser\juce_FilenameComponent.cpp ..\..\src\gui\components\filebrowser\juce_FileSearchPathListComponent.cpp ..\..\src\gui\components\filebrowser\juce_FileTreeComponent.cpp ..\..\src\gui\components\filebrowser\juce_ImagePreviewComponent.cpp ..\..\src\gui\components\filebrowser\juce_WildcardFileFilter.cpp ..\..\src\gui\components\keyboard\juce_KeyboardFocusTraverser.cpp ..\..\src\gui\components\keyboard\juce_KeyListener.cpp ..\..\src\gui\components\keyboard\juce_KeyMappingEditorComponent.cpp ..\..\src\gui\components\keyboard\juce_KeyPress.cpp ..\..\src\gui\components\keyboard\juce_KeyPressMappingSet.cpp ..\..\src\gui\components\keyboard\juce_ModifierKeys.cpp ..\..\src\gui\components\layout\juce_ComponentAnimator.cpp ..\..\src\gui\components\layout\juce_ComponentBoundsConstrainer.cpp ..\..\src\gui\components\layout\juce_ComponentMovementWatcher.cpp ..\..\src\gui\components\layout\juce_GroupComponent.cpp ..\..\src\gui\components\layout\juce_MultiDocumentPanel.cpp ..\..\src\gui\components\layout\juce_ResizableBorderComponent.cpp ..\..\src\gui\components\layout\juce_ResizableCornerComponent.cpp ..\..\src\gui\components\layout\juce_ScrollBar.cpp ..\..\src\gui\components\layout\juce_StretchableLayoutManager.cpp ..\..\src\gui\components\layout\juce_StretchableLayoutResizerBar.cpp ..\..\src\gui\components\layout\juce_StretchableObjectResizer.cpp ..\..\src\gui\components\layout\juce_TabbedButtonBar.cpp ..\..\src\gui\components\layout\juce_TabbedComponent.cpp ..\..\src\gui\components\layout\juce_Viewport.cpp ..\..\src\gui\components\lookandfeel\juce_LookAndFeel.cpp ..\..\src\gui\components\lookandfeel\juce_OldSchoolLookAndFeel.cpp ..\..\src\gui\components\menus\juce_MenuBarComponent.cpp ..\..\src\gui\components\menus\juce_MenuBarModel.cpp ..\..\src\gui\components\menus\juce_PopupMenu.cpp ..\..\src\gui\components\mouse\juce_ComponentDragger.cpp ..\..\src\gui\components\mouse\juce_DragAndDropContainer.cpp ..\..\src\gui\components\mouse\juce_MouseCursor.cpp ..\..\src\gui\components\mouse\juce_MouseEvent.cpp ..\..\src\gui\components\mouse\juce_MouseHoverDetector.cpp ..\..\src\gui\components\mouse\juce_MouseInputSource.cpp ..\..\src\gui\components\mouse\juce_MouseListener.cpp ..\..\src\gui\components\properties\juce_BooleanPropertyComponent.cpp ..\..\src\gui\components\properties\juce_ButtonPropertyComponent.cpp ..\..\src\gui\components\properties\juce_ChoicePropertyComponent.cpp ..\..\src\gui\components\properties\juce_PropertyComponent.cpp ..\..\src\gui\components\properties\juce_PropertyPanel.cpp ..\..\src\gui\components\properties\juce_SliderPropertyComponent.cpp ..\..\src\gui\components\properties\juce_TextPropertyComponent.cpp ..\..\src\gui\components\special\juce_AudioDeviceSelectorComponent.cpp ..\..\src\gui\components\special\juce_BubbleComponent.cpp ..\..\src\gui\components\special\juce_BubbleMessageComponent.cpp ..\..\src\gui\components\special\juce_ColourSelector.cpp ..\..\src\gui\components\special\juce_DropShadower.cpp ..\..\src\gui\components\special\juce_MagnifierComponent.cpp ..\..\src\gui\components\special\juce_MidiKeyboardComponent.cpp ..\..\src\gui\components\special\juce_OpenGLComponent.cpp ..\..\src\gui\components\special\juce_PreferencesPanel.cpp ..\..\src\gui\components\special\juce_SystemTrayIconComponent.cpp ..\..\src\gui\components\windows\juce_AlertWindow.cpp ..\..\src\gui\components\windows\juce_CallOutBox.cpp ..\..\src\gui\components\windows\juce_ComponentPeer.cpp ..\..\src\gui\components\windows\juce_DialogWindow.cpp ..\..\src\gui\components\windows\juce_DocumentWindow.cpp ..\..\src\gui\components\windows\juce_ResizableWindow.cpp ..\..\src\gui\components\windows\juce_SplashScreen.cpp ..\..\src\gui\components\windows\juce_ThreadWithProgressWindow.cpp ..\..\src\gui\components\windows\juce_TooltipWindow.cpp ..\..\src\gui\components\windows\juce_TopLevelWindow.cpp ..\..\src\gui\graphics\colour\juce_Colour.cpp ..\..\src\gui\graphics\colour\juce_ColourGradient.cpp ..\..\src\gui\graphics\colour\juce_Colours.cpp ..\..\src\gui\graphics\contexts\juce_EdgeTable.cpp ..\..\src\gui\graphics\contexts\juce_FillType.cpp ..\..\src\gui\graphics\contexts\juce_Graphics.cpp ..\..\src\gui\graphics\contexts\juce_Justification.cpp ..\..\src\gui\graphics\contexts\juce_LowLevelGraphicsPostScriptRenderer.cpp ..\..\src\gui\graphics\contexts\juce_LowLevelGraphicsSoftwareRenderer.cpp ..\..\src\gui\graphics\contexts\juce_RectanglePlacement.cpp ..\..\src\gui\graphics\drawables\juce_Drawable.cpp ..\..\src\gui\graphics\drawables\juce_DrawableComposite.cpp ..\..\src\gui\graphics\drawables\juce_DrawableImage.cpp ..\..\src\gui\graphics\drawables\juce_DrawablePath.cpp ..\..\src\gui\graphics\drawables\juce_DrawableRectangle.cpp ..\..\src\gui\graphics\drawables\juce_DrawableShape.cpp ..\..\src\gui\graphics\drawables\juce_DrawableText.cpp ..\..\src\gui\graphics\drawables\juce_SVGParser.cpp ..\..\src\gui\graphics\effects\juce_DropShadowEffect.cpp ..\..\src\gui\graphics\effects\juce_GlowEffect.cpp ..\..\src\gui\graphics\fonts\juce_Font.cpp ..\..\src\gui\graphics\fonts\juce_GlyphArrangement.cpp ..\..\src\gui\graphics\fonts\juce_TextLayout.cpp ..\..\src\gui\graphics\fonts\juce_Typeface.cpp ..\..\src\gui\graphics\geometry\juce_AffineTransform.cpp ..\..\src\gui\graphics\geometry\juce_BorderSize.cpp ..\..\src\gui\graphics\geometry\juce_Path.cpp ..\..\src\gui\graphics\geometry\juce_PathIterator.cpp ..\..\src\gui\graphics\geometry\juce_PathStrokeType.cpp ..\..\src\gui\graphics\geometry\juce_PositionedRectangle.cpp ..\..\src\gui\graphics\geometry\juce_RectangleList.cpp ..\..\src\gui\graphics\geometry\juce_RelativeCoordinate.cpp ..\..\src\gui\graphics\imaging\image_file_formats\juce_GIFLoader.cpp ..\..\src\gui\graphics\imaging\image_file_formats\juce_JPEGLoader.cpp ..\..\src\gui\graphics\imaging\image_file_formats\juce_PNGLoader.cpp ..\..\src\gui\graphics\imaging\juce_Image.cpp ..\..\src\gui\graphics\imaging\juce_ImageCache.cpp ..\..\src\gui\graphics\imaging\juce_ImageConvolutionKernel.cpp ..\..\src\gui\graphics\imaging\juce_ImageFileFormat.cpp ..\..\src\io\files\juce_DirectoryIterator.cpp ..\..\src\io\files\juce_File.cpp ..\..\src\io\files\juce_FileInputStream.cpp ..\..\src\io\files\juce_FileOutputStream.cpp ..\..\src\io\files\juce_FileSearchPath.cpp ..\..\src\io\files\juce_NamedPipe.cpp ..\..\src\io\files\juce_TemporaryFile.cpp ..\..\src\io\files\juce_ZipFile.cpp ..\..\src\io\network\juce_MACAddress.cpp ..\..\src\io\network\juce_Socket.cpp ..\..\src\io\network\juce_URL.cpp ..\..\src\io\streams\juce_BufferedInputStream.cpp ..\..\src\io\streams\juce_FileInputSource.cpp ..\..\src\io\streams\juce_GZIPCompressorOutputStream.cpp ..\..\src\io\streams\juce_GZIPDecompressorInputStream.cpp ..\..\src\io\streams\juce_InputStream.cpp ..\..\src\io\streams\juce_MemoryInputStream.cpp ..\..\src\io\streams\juce_MemoryOutputStream.cpp ..\..\src\io\streams\juce_OutputStream.cpp ..\..\src\io\streams\juce_SubregionStream.cpp ..\..\src\maths\juce_BigInteger.cpp ..\..\src\maths\juce_Expression.cpp ..\..\src\maths\juce_Random.cpp ..\..\src\memory\juce_MemoryBlock.cpp ..\..\src\native\juce_linux_NativeCode.cpp ..\..\src\native\juce_win32_NativeCode.cpp ..\..\src\native\common\juce_posix_NamedPipe.cpp ..\..\src\native\linux\juce_linux_Audio.cpp ..\..\src\native\linux\juce_linux_AudioCDReader.cpp ..\..\src\native\linux\juce_linux_Clipboard.cpp ..\..\src\native\linux\juce_linux_FileChooser.cpp ..\..\src\native\linux\juce_linux_Files.cpp ..\..\src\native\linux\juce_linux_Fonts.cpp ..\..\src\native\linux\juce_linux_JackAudio.cpp ..\..\src\native\linux\juce_linux_Messaging.cpp ..\..\src\native\linux\juce_linux_Midi.cpp ..\..\src\native\linux\juce_linux_Network.cpp ..\..\src\native\linux\juce_linux_SystemStats.cpp ..\..\src\native\linux\juce_linux_Threads.cpp ..\..\src\native\linux\juce_linux_WebBrowserComponent.cpp ..\..\src\native\linux\juce_linux_Windowing.cpp ..\..\src\native\mac\juce_iphone_Audio.cpp ..\..\src\native\mac\juce_mac_CoreAudio.cpp ..\..\src\native\mac\juce_mac_CoreMidi.cpp ..\..\src\native\windows\juce_win32_ActiveXComponent.cpp ..\..\src\native\windows\juce_win32_ASIO.cpp ..\..\src\native\windows\juce_win32_AudioCDReader.cpp ..\..\src\native\windows\juce_win32_CameraDevice.cpp ..\..\src\native\windows\juce_win32_Direct2DGraphicsContext.cpp ..\..\src\native\windows\juce_win32_DirectSound.cpp ..\..\src\native\windows\juce_win32_DynamicLibraryLoader.cpp ..\..\src\native\windows\juce_win32_FileChooser.cpp ..\..\src\native\windows\juce_win32_Files.cpp ..\..\src\native\windows\juce_win32_Fonts.cpp ..\..\src\native\windows\juce_win32_Messaging.cpp ..\..\src\native\windows\juce_win32_Midi.cpp ..\..\src\native\windows\juce_win32_Misc.cpp ..\..\src\native\windows\juce_win32_Network.cpp ..\..\src\native\windows\juce_win32_OpenGLComponent.cpp ..\..\src\native\windows\juce_win32_PlatformUtils.cpp ..\..\src\native\windows\juce_win32_QuickTimeMovieComponent.cpp ..\..\src\native\windows\juce_win32_SystemStats.cpp ..\..\src\native\windows\juce_win32_Threads.cpp ..\..\src\native\windows\juce_win32_WASAPI.cpp ..\..\src\native\windows\juce_win32_WebBrowserComponent.cpp ..\..\src\native\windows\juce_win32_Windowing.cpp ..\..\src\text\juce_CharacterFunctions.cpp ..\..\src\text\juce_Identifier.cpp ..\..\src\text\juce_LocalisedStrings.cpp ..\..\src\text\juce_String.cpp ..\..\src\text\juce_StringArray.cpp ..\..\src\text\juce_StringPairArray.cpp ..\..\src\text\juce_StringPool.cpp ..\..\src\text\juce_XmlDocument.cpp ..\..\src\text\juce_XmlElement.cpp ..\..\src\threads\juce_ReadWriteLock.cpp ..\..\src\threads\juce_Thread.cpp ..\..\src\threads\juce_ThreadPool.cpp ..\..\src\threads\juce_TimeSliceThread.cpp ..\..\src\utilities\juce_DeletedAtShutdown.cpp ..\..\src\utilities\juce_FileBasedDocument.cpp ..\..\src\utilities\juce_PropertiesFile.cpp ..\..\src\utilities\juce_RecentlyOpenedFilesList.cpp ..\..\src\utilities\juce_UndoManager.cpp ..\..\src\utilities\juce_UnitTest.cpp
         juce_Application.cpp
         juce_ApplicationCommandInfo.cpp
         juce_ApplicationCommandManager.cpp
         juce_ApplicationCommandTarget.cpp
         juce_ApplicationProperties.cpp
         juce_AiffAudioFormat.cpp
         juce_AudioCDReader.cpp
         juce_AudioFormat.cpp
         juce_AudioFormatManager.cpp
         juce_AudioFormatReader.cpp
         juce_AudioFormatWriter.cpp
         juce_AudioSubsectionReader.cpp
         juce_AudioThumbnail.cpp
         juce_AudioThumbnailCache.cpp
         juce_FlacAudioFormat.cpp
         juce_OggVorbisAudioFormat.cpp
         juce_QuickTimeAudioFormat.cpp
         juce_WavAudioFormat.cpp
         juce_AudioFormatReaderSource.cpp
         juce_AudioSourcePlayer.cpp
         Kompilieren...
         juce_AudioTransportSource.cpp
         juce_BufferingAudioSource.cpp
         juce_ChannelRemappingAudioSource.cpp
         juce_IIRFilterAudioSource.cpp
         juce_MixerAudioSource.cpp
         juce_ResamplingAudioSource.cpp
         juce_ToneGeneratorAudioSource.cpp
         juce_AudioDeviceManager.cpp
         juce_AudioIODevice.cpp
         juce_AudioIODeviceType.cpp
         juce_MidiOutput.cpp
         juce_AudioDataConverters.cpp
         juce_AudioSampleBuffer.cpp
         juce_IIRFilter.cpp
         juce_MidiBuffer.cpp
         juce_MidiFile.cpp
         juce_MidiKeyboardState.cpp
         juce_MidiMessage.cpp
         juce_MidiMessageCollector.cpp
         juce_MidiMessageSequence.cpp
         Kompilieren...
         juce_VSTPluginFormat.cpp
         juce_AudioPluginFormat.cpp
         juce_AudioPluginFormatManager.cpp
         juce_AudioPluginInstance.cpp
         juce_KnownPluginList.cpp
         juce_PluginDescription.cpp
         juce_PluginDirectoryScanner.cpp
         juce_PluginListComponent.cpp
         juce_AudioProcessor.cpp
         juce_AudioProcessorEditor.cpp
         juce_AudioProcessorGraph.cpp
         juce_AudioProcessorPlayer.cpp
         juce_GenericAudioProcessorEditor.cpp
         juce_Sampler.cpp
         juce_Synthesiser.cpp
         juce_AbstractFifo.cpp
         juce_DynamicObject.cpp
         juce_NamedValueSet.cpp
         juce_PropertySet.cpp
         juce_Value.cpp
         Kompilieren...
         juce_ValueTree.cpp
         juce_Variant.cpp
         juce_FileLogger.cpp
         juce_Initialisation.cpp
         juce_Logger.cpp
         juce_PerformanceCounter.cpp
         juce_RelativeTime.cpp
         juce_SystemStats.cpp
         juce_Time.cpp
         juce_Uuid.cpp
         juce_BlowFish.cpp
         juce_MD5.cpp
         juce_Primes.cpp
         juce_RSAKey.cpp
         juce_ActionBroadcaster.cpp
         juce_AsyncUpdater.cpp
         juce_ChangeBroadcaster.cpp
         juce_InterprocessConnection.cpp
         juce_InterprocessConnectionServer.cpp
         juce_Message.cpp
         Kompilieren...
         juce_MessageListener.cpp
         juce_MessageManager.cpp
         juce_MultiTimer.cpp
         juce_Timer.cpp
         juce_Component.cpp
         juce_ComponentListener.cpp
         juce_Desktop.cpp
         juce_ModalComponentManager.cpp
         juce_ArrowButton.cpp
         juce_Button.cpp
         juce_DrawableButton.cpp
         juce_HyperlinkButton.cpp
         juce_ImageButton.cpp
         juce_ShapeButton.cpp
         juce_TextButton.cpp
         juce_ToggleButton.cpp
         juce_ToolbarButton.cpp
         juce_CodeDocument.cpp
         juce_CodeEditorComponent.cpp
         juce_CPlusPlusCodeTokeniser.cpp
         Kompilieren...
         juce_ComboBox.cpp
         juce_Label.cpp
         juce_ListBox.cpp
         juce_ProgressBar.cpp
         juce_Slider.cpp
         juce_TableHeaderComponent.cpp
         juce_TableListBox.cpp
         juce_TextEditor.cpp
         juce_Toolbar.cpp
         juce_ToolbarItemComponent.cpp
         juce_ToolbarItemPalette.cpp
         juce_TreeView.cpp
         juce_DirectoryContentsDisplayComponent.cpp
         juce_DirectoryContentsList.cpp
         juce_FileBrowserComponent.cpp
         juce_FileChooser.cpp
         juce_FileChooserDialogBox.cpp
         juce_FileFilter.cpp
         juce_FileListComponent.cpp
         juce_FilenameComponent.cpp
         Kompilieren...
         juce_FileSearchPathListComponent.cpp
         juce_FileTreeComponent.cpp
         juce_ImagePreviewComponent.cpp
         juce_WildcardFileFilter.cpp
         juce_KeyboardFocusTraverser.cpp
         juce_KeyListener.cpp
         juce_KeyMappingEditorComponent.cpp
         juce_KeyPress.cpp
         juce_KeyPressMappingSet.cpp
         juce_ModifierKeys.cpp
         juce_ComponentAnimator.cpp
         juce_ComponentBoundsConstrainer.cpp
         juce_ComponentMovementWatcher.cpp
         juce_GroupComponent.cpp
         juce_MultiDocumentPanel.cpp
         juce_ResizableBorderComponent.cpp
         juce_ResizableCornerComponent.cpp
         juce_ScrollBar.cpp
         juce_StretchableLayoutManager.cpp
         juce_StretchableLayoutResizerBar.cpp
         Kompilieren...
         juce_StretchableObjectResizer.cpp
         juce_TabbedButtonBar.cpp
         juce_TabbedComponent.cpp
         juce_Viewport.cpp
         juce_LookAndFeel.cpp
         juce_OldSchoolLookAndFeel.cpp
         juce_MenuBarComponent.cpp
         juce_MenuBarModel.cpp
         juce_PopupMenu.cpp
         juce_ComponentDragger.cpp
         juce_DragAndDropContainer.cpp
         juce_MouseCursor.cpp
         juce_MouseEvent.cpp
         juce_MouseHoverDetector.cpp
         juce_MouseInputSource.cpp
         juce_MouseListener.cpp
         juce_BooleanPropertyComponent.cpp
         juce_ButtonPropertyComponent.cpp
         juce_ChoicePropertyComponent.cpp
         juce_PropertyComponent.cpp
         Kompilieren...
         juce_PropertyPanel.cpp
         juce_SliderPropertyComponent.cpp
         juce_TextPropertyComponent.cpp
         juce_AudioDeviceSelectorComponent.cpp
         juce_BubbleComponent.cpp
         juce_BubbleMessageComponent.cpp
         juce_ColourSelector.cpp
         juce_DropShadower.cpp
         juce_MagnifierComponent.cpp
         juce_MidiKeyboardComponent.cpp
         juce_OpenGLComponent.cpp
         juce_PreferencesPanel.cpp
         juce_SystemTrayIconComponent.cpp
         juce_AlertWindow.cpp
         juce_CallOutBox.cpp
         juce_ComponentPeer.cpp
         juce_DialogWindow.cpp
         juce_DocumentWindow.cpp
         juce_ResizableWindow.cpp
         juce_SplashScreen.cpp
         Kompilieren...
         juce_ThreadWithProgressWindow.cpp
         juce_TooltipWindow.cpp
         juce_TopLevelWindow.cpp
         juce_Colour.cpp
         juce_ColourGradient.cpp
         juce_Colours.cpp
         juce_EdgeTable.cpp
         juce_FillType.cpp
         juce_Graphics.cpp
         juce_Justification.cpp
         juce_LowLevelGraphicsPostScriptRenderer.cpp
         juce_LowLevelGraphicsSoftwareRenderer.cpp
         juce_RectanglePlacement.cpp
         juce_Drawable.cpp
         juce_DrawableComposite.cpp
         juce_DrawableImage.cpp
         juce_DrawablePath.cpp
         juce_DrawableRectangle.cpp
         juce_DrawableShape.cpp
         juce_DrawableText.cpp
         Kompilieren...
         juce_SVGParser.cpp
         juce_DropShadowEffect.cpp
         juce_GlowEffect.cpp
         juce_Font.cpp
         juce_GlyphArrangement.cpp
         juce_TextLayout.cpp
         juce_Typeface.cpp
         juce_AffineTransform.cpp
         juce_BorderSize.cpp
         juce_Path.cpp
         juce_PathIterator.cpp
         juce_PathStrokeType.cpp
         juce_PositionedRectangle.cpp
         juce_RectangleList.cpp
         juce_RelativeCoordinate.cpp
         juce_GIFLoader.cpp
         juce_JPEGLoader.cpp
         juce_PNGLoader.cpp
         juce_Image.cpp
         juce_ImageCache.cpp
         Kompilieren...
         juce_ImageConvolutionKernel.cpp
         juce_ImageFileFormat.cpp
         juce_DirectoryIterator.cpp
         juce_File.cpp
         juce_FileInputStream.cpp
         juce_FileOutputStream.cpp
         juce_FileSearchPath.cpp
         juce_NamedPipe.cpp
         juce_TemporaryFile.cpp
         juce_ZipFile.cpp
         juce_MACAddress.cpp
         juce_Socket.cpp
         juce_URL.cpp
         juce_BufferedInputStream.cpp
         juce_FileInputSource.cpp
         juce_GZIPCompressorOutputStream.cpp
         juce_GZIPDecompressorInputStream.cpp
         juce_InputStream.cpp
         juce_MemoryInputStream.cpp
         juce_MemoryOutputStream.cpp
         Kompilieren...
         juce_OutputStream.cpp
         juce_SubregionStream.cpp
         juce_BigInteger.cpp
         juce_Expression.cpp
         juce_Random.cpp
         juce_MemoryBlock.cpp
         juce_linux_NativeCode.cpp
         juce_win32_NativeCode.cpp
         juce_posix_NamedPipe.cpp
         juce_linux_Audio.cpp
         juce_linux_AudioCDReader.cpp
         juce_linux_Clipboard.cpp
         juce_linux_FileChooser.cpp
         juce_linux_Files.cpp
         juce_linux_Fonts.cpp
         juce_linux_JackAudio.cpp
         juce_linux_Messaging.cpp
         juce_linux_Midi.cpp
         juce_linux_Network.cpp
         juce_linux_SystemStats.cpp
         Kompilieren...
         juce_linux_Threads.cpp
         juce_linux_WebBrowserComponent.cpp
         juce_linux_Windowing.cpp
         juce_iphone_Audio.cpp
         juce_mac_CoreAudio.cpp
         juce_mac_CoreMidi.cpp
         juce_win32_ActiveXComponent.cpp
         juce_win32_ASIO.cpp
         juce_win32_AudioCDReader.cpp
         juce_win32_CameraDevice.cpp
         juce_win32_Direct2DGraphicsContext.cpp
         juce_win32_DirectSound.cpp
         juce_win32_DynamicLibraryLoader.cpp
         juce_win32_FileChooser.cpp
         juce_win32_Files.cpp
         juce_win32_Fonts.cpp
         juce_win32_Messaging.cpp
         juce_win32_Midi.cpp
         juce_win32_Misc.cpp
         juce_win32_Network.cpp
         Kompilieren...
         juce_win32_OpenGLComponent.cpp
         juce_win32_PlatformUtils.cpp
         juce_win32_QuickTimeMovieComponent.cpp
         juce_win32_SystemStats.cpp
         juce_win32_Threads.cpp
         juce_win32_WASAPI.cpp
         juce_win32_WebBrowserComponent.cpp
         juce_win32_Windowing.cpp
         juce_CharacterFunctions.cpp
         juce_Identifier.cpp
         juce_LocalisedStrings.cpp
         juce_String.cpp
         juce_StringArray.cpp
         juce_StringPairArray.cpp
         juce_StringPool.cpp
         juce_XmlDocument.cpp
         juce_XmlElement.cpp
         juce_ReadWriteLock.cpp
         juce_Thread.cpp
         juce_ThreadPool.cpp
         Kompilieren...
         juce_TimeSliceThread.cpp
         juce_DeletedAtShutdown.cpp
         juce_FileBasedDocument.cpp
         juce_PropertiesFile.cpp
         juce_RecentlyOpenedFilesList.cpp
         juce_UndoManager.cpp
         juce_UnitTest.cpp
       Lib:
         c:\Program Files (x86)\Microsoft Visual Studio 10.0\VC\bin\Lib.exe /OUT:".\..\..\bin\jucelib_static_Win32.lib" /NOLOGO /LTCG .\Release\juce_Application.obj
         .\Release\juce_ApplicationCommandInfo.obj
         .\Release\juce_ApplicationCommandManager.obj
         .\Release\juce_ApplicationCommandTarget.obj
         .\Release\juce_ApplicationProperties.obj
         .\Release\juce_AiffAudioFormat.obj
         .\Release\juce_AudioCDReader.obj
         .\Release\juce_AudioFormat.obj
         .\Release\juce_AudioFormatManager.obj
         .\Release\juce_AudioFormatReader.obj
         .\Release\juce_AudioFormatWriter.obj
         .\Release\juce_AudioSubsectionReader.obj
         .\Release\juce_AudioThumbnail.obj
         .\Release\juce_AudioThumbnailCache.obj
         .\Release\juce_FlacAudioFormat.obj
         .\Release\juce_OggVorbisAudioFormat.obj
         .\Release\juce_QuickTimeAudioFormat.obj
         .\Release\juce_WavAudioFormat.obj
         .\Release\juce_AudioFormatReaderSource.obj
         .\Release\juce_AudioSourcePlayer.obj
         .\Release\juce_AudioTransportSource.obj
         .\Release\juce_BufferingAudioSource.obj
         .\Release\juce_ChannelRemappingAudioSource.obj
         .\Release\juce_IIRFilterAudioSource.obj
         .\Release\juce_MixerAudioSource.obj
         .\Release\juce_ResamplingAudioSource.obj
         .\Release\juce_ToneGeneratorAudioSource.obj
         .\Release\juce_AudioDeviceManager.obj
         .\Release\juce_AudioIODevice.obj
         .\Release\juce_AudioIODeviceType.obj
         .\Release\juce_MidiOutput.obj
         .\Release\juce_AudioDataConverters.obj
         .\Release\juce_AudioSampleBuffer.obj
         .\Release\juce_IIRFilter.obj
         .\Release\juce_MidiBuffer.obj
         .\Release\juce_MidiFile.obj
         .\Release\juce_MidiKeyboardState.obj
         .\Release\juce_MidiMessage.obj
         .\Release\juce_MidiMessageCollector.obj
         .\Release\juce_MidiMessageSequence.obj
         .\Release\juce_VSTPluginFormat.obj
         .\Release\juce_AudioPluginFormat.obj
         .\Release\juce_AudioPluginFormatManager.obj
         .\Release\juce_AudioPluginInstance.obj
         .\Release\juce_KnownPluginList.obj
         .\Release\juce_PluginDescription.obj
         .\Release\juce_PluginDirectoryScanner.obj
         .\Release\juce_PluginListComponent.obj
         .\Release\juce_AudioProcessor.obj
         .\Release\juce_AudioProcessorEditor.obj
         .\Release\juce_AudioProcessorGraph.obj
         .\Release\juce_AudioProcessorPlayer.obj
         .\Release\juce_GenericAudioProcessorEditor.obj
         .\Release\juce_Sampler.obj
         .\Release\juce_Synthesiser.obj
         .\Release\juce_AbstractFifo.obj
         .\Release\juce_DynamicObject.obj
         .\Release\juce_NamedValueSet.obj
         .\Release\juce_PropertySet.obj
         .\Release\juce_Value.obj
         .\Release\juce_ValueTree.obj
         .\Release\juce_Variant.obj
         .\Release\juce_FileLogger.obj
         .\Release\juce_Initialisation.obj
         .\Release\juce_Logger.obj
         .\Release\juce_PerformanceCounter.obj
         .\Release\juce_RelativeTime.obj
         .\Release\juce_SystemStats.obj
         .\Release\juce_Time.obj
         .\Release\juce_Uuid.obj
         .\Release\juce_BlowFish.obj
         .\Release\juce_MD5.obj
         .\Release\juce_Primes.obj
         .\Release\juce_RSAKey.obj
         .\Release\juce_ActionBroadcaster.obj
         .\Release\juce_AsyncUpdater.obj
         .\Release\juce_ChangeBroadcaster.obj
         .\Release\juce_InterprocessConnection.obj
         .\Release\juce_InterprocessConnectionServer.obj
         .\Release\juce_Message.obj
         .\Release\juce_MessageListener.obj
         .\Release\juce_MessageManager.obj
         .\Release\juce_MultiTimer.obj
         .\Release\juce_Timer.obj
         .\Release\juce_Component.obj
         .\Release\juce_ComponentListener.obj
         .\Release\juce_Desktop.obj
         .\Release\juce_ModalComponentManager.obj
         .\Release\juce_ArrowButton.obj
         .\Release\juce_Button.obj
         .\Release\juce_DrawableButton.obj
         .\Release\juce_HyperlinkButton.obj
         .\Release\juce_ImageButton.obj
         .\Release\juce_ShapeButton.obj
         .\Release\juce_TextButton.obj
         .\Release\juce_ToggleButton.obj
         .\Release\juce_ToolbarButton.obj
         .\Release\juce_CodeDocument.obj
         .\Release\juce_CodeEditorComponent.obj
         .\Release\juce_CPlusPlusCodeTokeniser.obj
         .\Release\juce_ComboBox.obj
         .\Release\juce_Label.obj
         .\Release\juce_ListBox.obj
         .\Release\juce_ProgressBar.obj
         .\Release\juce_Slider.obj
         .\Release\juce_TableHeaderComponent.obj
         .\Release\juce_TableListBox.obj
         .\Release\juce_TextEditor.obj
         .\Release\juce_Toolbar.obj
         .\Release\juce_ToolbarItemComponent.obj
         .\Release\juce_ToolbarItemPalette.obj
         .\Release\juce_TreeView.obj
         .\Release\juce_DirectoryContentsDisplayComponent.obj
         .\Release\juce_DirectoryContentsList.obj
         .\Release\juce_FileBrowserComponent.obj
         .\Release\juce_FileChooser.obj
         .\Release\juce_FileChooserDialogBox.obj
         .\Release\juce_FileFilter.obj
         .\Release\juce_FileListComponent.obj
         .\Release\juce_FilenameComponent.obj
         .\Release\juce_FileSearchPathListComponent.obj
         .\Release\juce_FileTreeComponent.obj
         .\Release\juce_ImagePreviewComponent.obj
         .\Release\juce_WildcardFileFilter.obj
         .\Release\juce_KeyboardFocusTraverser.obj
         .\Release\juce_KeyListener.obj
         .\Release\juce_KeyMappingEditorComponent.obj
         .\Release\juce_KeyPress.obj
         .\Release\juce_KeyPressMappingSet.obj
         .\Release\juce_ModifierKeys.obj
         .\Release\juce_ComponentAnimator.obj
         .\Release\juce_ComponentBoundsConstrainer.obj
         .\Release\juce_ComponentMovementWatcher.obj
         .\Release\juce_GroupComponent.obj
         .\Release\juce_MultiDocumentPanel.obj
         .\Release\juce_ResizableBorderComponent.obj
         .\Release\juce_ResizableCornerComponent.obj
         .\Release\juce_ScrollBar.obj
         .\Release\juce_StretchableLayoutManager.obj
         .\Release\juce_StretchableLayoutResizerBar.obj
         .\Release\juce_StretchableObjectResizer.obj
         .\Release\juce_TabbedButtonBar.obj
         .\Release\juce_TabbedComponent.obj
         .\Release\juce_Viewport.obj
         .\Release\juce_LookAndFeel.obj
         .\Release\juce_OldSchoolLookAndFeel.obj
         .\Release\juce_MenuBarComponent.obj
         .\Release\juce_MenuBarModel.obj
         .\Release\juce_PopupMenu.obj
         .\Release\juce_ComponentDragger.obj
         .\Release\juce_DragAndDropContainer.obj
         .\Release\juce_MouseCursor.obj
         .\Release\juce_MouseEvent.obj
         .\Release\juce_MouseHoverDetector.obj
         .\Release\juce_MouseInputSource.obj
         .\Release\juce_MouseListener.obj
         .\Release\juce_BooleanPropertyComponent.obj
         .\Release\juce_ButtonPropertyComponent.obj
         .\Release\juce_ChoicePropertyComponent.obj
         .\Release\juce_PropertyComponent.obj
         .\Release\juce_PropertyPanel.obj
         .\Release\juce_SliderPropertyComponent.obj
         .\Release\juce_TextPropertyComponent.obj
         .\Release\juce_AudioDeviceSelectorComponent.obj
         .\Release\juce_BubbleComponent.obj
         .\Release\juce_BubbleMessageComponent.obj
         .\Release\juce_ColourSelector.obj
         .\Release\juce_DropShadower.obj
         .\Release\juce_MagnifierComponent.obj
         .\Release\juce_MidiKeyboardComponent.obj
         .\Release\juce_OpenGLComponent.obj
         .\Release\juce_PreferencesPanel.obj
         .\Release\juce_SystemTrayIconComponent.obj
         .\Release\juce_AlertWindow.obj
         .\Release\juce_CallOutBox.obj
         .\Release\juce_ComponentPeer.obj
         .\Release\juce_DialogWindow.obj
         .\Release\juce_DocumentWindow.obj
         .\Release\juce_ResizableWindow.obj
         .\Release\juce_SplashScreen.obj
         .\Release\juce_ThreadWithProgressWindow.obj
         .\Release\juce_TooltipWindow.obj
         .\Release\juce_TopLevelWindow.obj
         .\Release\juce_Colour.obj
         .\Release\juce_ColourGradient.obj
         .\Release\juce_Colours.obj
         .\Release\juce_EdgeTable.obj
         .\Release\juce_FillType.obj
         .\Release\juce_Graphics.obj
         .\Release\juce_Justification.obj
         .\Release\juce_LowLevelGraphicsPostScriptRenderer.obj
         .\Release\juce_LowLevelGraphicsSoftwareRenderer.obj
         .\Release\juce_RectanglePlacement.obj
         .\Release\juce_Drawable.obj
         .\Release\juce_DrawableComposite.obj
         .\Release\juce_DrawableImage.obj
         .\Release\juce_DrawablePath.obj
         .\Release\juce_DrawableRectangle.obj
         .\Release\juce_DrawableShape.obj
         .\Release\juce_DrawableText.obj
         .\Release\juce_SVGParser.obj
         .\Release\juce_DropShadowEffect.obj
         .\Release\juce_GlowEffect.obj
         .\Release\juce_Font.obj
         .\Release\juce_GlyphArrangement.obj
         .\Release\juce_TextLayout.obj
         .\Release\juce_Typeface.obj
         .\Release\juce_AffineTransform.obj
         .\Release\juce_BorderSize.obj
         .\Release\juce_Path.obj
         .\Release\juce_PathIterator.obj
         .\Release\juce_PathStrokeType.obj
         .\Release\juce_PositionedRectangle.obj
         .\Release\juce_RectangleList.obj
         .\Release\juce_RelativeCoordinate.obj
         .\Release\juce_GIFLoader.obj
         .\Release\juce_JPEGLoader.obj
         .\Release\juce_PNGLoader.obj
         .\Release\juce_Image.obj
         .\Release\juce_ImageCache.obj
         .\Release\juce_ImageConvolutionKernel.obj
         .\Release\juce_ImageFileFormat.obj
         .\Release\juce_DirectoryIterator.obj
         .\Release\juce_File.obj
         .\Release\juce_FileInputStream.obj
         .\Release\juce_FileOutputStream.obj
         .\Release\juce_FileSearchPath.obj
         .\Release\juce_NamedPipe.obj
         .\Release\juce_TemporaryFile.obj
         .\Release\juce_ZipFile.obj
         .\Release\juce_MACAddress.obj
         .\Release\juce_Socket.obj
         .\Release\juce_URL.obj
         .\Release\juce_BufferedInputStream.obj
         .\Release\juce_FileInputSource.obj
         .\Release\juce_GZIPCompressorOutputStream.obj
         .\Release\juce_GZIPDecompressorInputStream.obj
         .\Release\juce_InputStream.obj
         .\Release\juce_MemoryInputStream.obj
         .\Release\juce_MemoryOutputStream.obj
         .\Release\juce_OutputStream.obj
         .\Release\juce_SubregionStream.obj
         .\Release\juce_BigInteger.obj
         .\Release\juce_Expression.obj
         .\Release\juce_Random.obj
         .\Release\juce_MemoryBlock.obj
         .\Release\juce_linux_NativeCode.obj
         .\Release\juce_win32_NativeCode.obj
         .\Release\juce_posix_NamedPipe.obj
         .\Release\juce_linux_Audio.obj
         .\Release\juce_linux_AudioCDReader.obj
         .\Release\juce_linux_Clipboard.obj
         .\Release\juce_linux_FileChooser.obj
         .\Release\juce_linux_Files.obj
         .\Release\juce_linux_Fonts.obj
         .\Release\juce_linux_JackAudio.obj
         .\Release\juce_linux_Messaging.obj
         .\Release\juce_linux_Midi.obj
         .\Release\juce_linux_Network.obj
         .\Release\juce_linux_SystemStats.obj
         .\Release\juce_linux_Threads.obj
         .\Release\juce_linux_WebBrowserComponent.obj
         .\Release\juce_linux_Windowing.obj
         .\Release\juce_iphone_Audio.obj
         .\Release\juce_mac_CoreAudio.obj
         .\Release\juce_mac_CoreMidi.obj
         .\Release\juce_win32_ActiveXComponent.obj
         .\Release\juce_win32_ASIO.obj
         .\Release\juce_win32_AudioCDReader.obj
         .\Release\juce_win32_CameraDevice.obj
         .\Release\juce_win32_Direct2DGraphicsContext.obj
         .\Release\juce_win32_DirectSound.obj
         .\Release\juce_win32_DynamicLibraryLoader.obj
         .\Release\juce_win32_FileChooser.obj
         .\Release\juce_win32_Files.obj
         .\Release\juce_win32_Fonts.obj
         .\Release\juce_win32_Messaging.obj
         .\Release\juce_win32_Midi.obj
         .\Release\juce_win32_Misc.obj
         .\Release\juce_win32_Network.obj
         .\Release\juce_win32_OpenGLComponent.obj
         .\Release\juce_win32_PlatformUtils.obj
         .\Release\juce_win32_QuickTimeMovieComponent.obj
         .\Release\juce_win32_SystemStats.obj
         .\Release\juce_win32_Threads.obj
         .\Release\juce_win32_WASAPI.obj
         .\Release\juce_win32_WebBrowserComponent.obj
         .\Release\juce_win32_Windowing.obj
         .\Release\juce_CharacterFunctions.obj
         .\Release\juce_Identifier.obj
         .\Release\juce_LocalisedStrings.obj
         .\Release\juce_String.obj
         .\Release\juce_StringArray.obj
         .\Release\juce_StringPairArray.obj
         .\Release\juce_StringPool.obj
         .\Release\juce_XmlDocument.obj
         .\Release\juce_XmlElement.obj
         .\Release\juce_ReadWriteLock.obj
         .\Release\juce_Thread.obj
         .\Release\juce_ThreadPool.obj
         .\Release\juce_TimeSliceThread.obj
         .\Release\juce_DeletedAtShutdown.obj
         .\Release\juce_FileBasedDocument.obj
         .\Release\juce_PropertiesFile.obj
         .\Release\juce_RecentlyOpenedFilesList.obj
         .\Release\juce_UndoManager.obj
         .\Release\juce_UnitTest.obj
         Juce.vcxproj -> C:\Users\marinos\Masterarbeit\OscCalibrator\juce\Builds\VisualStudio2010\.\..\..\bin\jucelib_static_Win32.lib
       FinalizeBuildStatus:
         Die Datei ".\..\..\bin\Juce.unsuccessfulbuild" wird gelöscht.
         Aktualisieren des Timestamps von ".\..\..\bin\Juce.lastbuildstate".
     1>Die Erstellung des Projekts "C:\Users\marinos\Masterarbeit\OscCalibrator\juce\Builds\VisualStudio2010\Juce.vcxproj" ist abgeschlossen, build Ziel(e).

Das Erstellen war erfolgreich.

Verstrichene Zeit 00:01:49.25
